0.9707 	WARNING 	We strongly recommend you activate the PTB sound engine in PsychoPy prefs as the preferred audio engine. Its timing is vastly superior. Your prefs are currently set to use ['sounddevice', 'PTB', 'pyo', 'pygame'] (in that order).
20.8690 	WARNING 	User requested fullscreen with size [2560 1440], but screen is actually [1680, 1050]. Using actual size
21.8222 	EXP 	Created window1 = Window(allowGUI=False, allowStencil=False, args=UNKNOWN, autoLog=True, bitsMode=UNKNOWN, blendMode='avg', bpc=(8, 8, 8), color='black', colorSpace='named', depthBits=8, fullscr=<method-wrapper '__getattribute__' of attributeSetter object at 0x133153978>, gamma=None, gammaErrorPolicy='raise', kwargs=UNKNOWN, lms=UNKNOWN, monitor=<psychopy.monitors.calibTools.Monitor object at 0x133ca4630>, multiSample=False, name='window1', numSamples=2, pos=[420.0, 262.5], screen=0, size=array([3360, 2100]), stencilBits=0, stereo=False, units='norm', useFBO=True, useRetina=True, viewOri=0.0, viewPos=None, viewScale=None, waitBlanking=True, winType='pyglet')
21.8222 	EXP 	window1: recordFrameIntervals = False
21.9885 	EXP 	window1: recordFrameIntervals = True
22.1725 	EXP 	window1: recordFrameIntervals = False
22.3327 	EXP 	Created instr1 = TextStim(__class__=<class 'psychopy.visual.text.TextStim'>, alignHoriz=method-wrapper(...), alignText='center', alignVert=method-wrapper(...), anchorHoriz='center', anchorVert='center', antialias=True, autoLog=True, bold=False, color='white', colorSpace='named', contrast=1.0, depth=0.0, flipHoriz=False, flipVert=False, font='Arial', fontFiles=[], height=0.1, italic=False, languageStyle='LTR', name='instr1', opacity=1.0, ori=0, pos=array([0., 0.]), rgb=array([255., 255., 255.]), text=str(...), units='norm', win=Window(...), wrapWidth=1)
22.3677 	EXP 	Created word = TextStim(__class__=<class 'psychopy.visual.text.TextStim'>, alignHoriz=method-wrapper(...), alignText='center', alignVert=method-wrapper(...), anchorHoriz='center', anchorVert='center', antialias=True, autoLog=True, bold=False, color='white', colorSpace='named', contrast=1.0, depth=0.0, flipHoriz=False, flipVert=False, font='Arial', fontFiles=[], height=0.2, italic=False, languageStyle='LTR', name='word', opacity=1.0, ori=0, pos=array([0., 0.]), rgb=array([255., 255., 255.]), text='default text', units='norm', win=Window(...), wrapWidth=1)
22.3993 	EXP 	Created feedback_2 = TextStim(__class__=<class 'psychopy.visual.text.TextStim'>, alignHoriz=method-wrapper(...), alignText='center', alignVert=method-wrapper(...), anchorHoriz='center', anchorVert='center', antialias=True, autoLog=True, bold=False, color=array([1., 1., 1.]), colorSpace='rgb', contrast=1.0, depth=-1.0, flipHoriz=False, flipVert=False, font='Arial', fontFiles=[], height=0.1, italic=False, languageStyle='LTR', name='feedback_2', opacity=1.0, ori=0, pos=array([0., 0.]), rgb=array([1., 1., 1.]), text='default text', units='norm', win=Window(...), wrapWidth=1)
22.4127 	EXP 	Created instrText = TextStim(__class__=<class 'psychopy.visual.text.TextStim'>, alignHoriz=method-wrapper(...), alignText='center', alignVert=method-wrapper(...), anchorHoriz='center', anchorVert='center', antialias=True, autoLog=True, bold=False, color=array([1., 1., 1.]), colorSpace='rgb', contrast=1.0, depth=0.0, flipHoriz=False, flipVert=False, font='Arial', fontFiles=[], height=0.1, italic=False, languageStyle='LTR', name='instrText', opacity=1.0, ori=0, pos=array([0., 0.]), rgb=array([1., 1., 1.]), text=str(...), units='norm', win=Window(...), wrapWidth=1)
22.4434 	EXP 	Created word = TextStim(__class__=<class 'psychopy.visual.text.TextStim'>, alignHoriz=method-wrapper(...), alignText='center', alignVert=method-wrapper(...), anchorHoriz='center', anchorVert='center', antialias=True, autoLog=True, bold=False, color='white', colorSpace='named', contrast=1.0, depth=0.0, flipHoriz=False, flipVert=False, font='Arial', fontFiles=[], height=0.2, italic=False, languageStyle='LTR', name='word', opacity=1.0, ori=0, pos=array([0., 0.]), rgb=array([255., 255., 255.]), text='default text', units='norm', win=Window(...), wrapWidth=1)
22.4890 	EXP 	Created thanksText = TextStim(__class__=<class 'psychopy.visual.text.TextStim'>, alignHoriz=method-wrapper(...), alignText='center', alignVert=method-wrapper(...), anchorHoriz='center', anchorVert='center', antialias=True, autoLog=True, bold=False, color=array([1., 1., 1.]), colorSpace='rgb', contrast=1.0, depth=0.0, flipHoriz=False, flipVert=False, font='arial', fontFiles=[], height=0.2, italic=False, languageStyle='LTR', name='thanksText', opacity=1.0, ori=0, pos=array([0., 0.]), rgb=array([1., 1., 1.]), text=str(...), units='norm', win=Window(...), wrapWidth=1)
22.5142 	EXP 	instr1: autoDraw = True
32.8660 	EXP 	Imported trialTypes.xlsx as conditions, 12 conditions, 4 params
32.8663 	EXP 	Created sequence: random, trialTypes=12, nReps=1, seed=None
32.8666 	EXP 	New trial (rep=0, index=0): OrderedDict([('text', 'green'), ('letterColor', 'blue'), ('corrAns', 'right'), ('congruent', 'incong')])
32.8754 	DATA 	Keypress: space
32.8909 	EXP 	instr1: autoDraw = False
32.8909 	EXP 	word: color = 'blue (named)'
32.8909 	EXP 	word: text = 'green'
33.3709 	EXP 	word: autoDraw = True
34.3203 	DATA 	Keypress: right
34.3401 	EXP 	word: autoDraw = False
34.3401 	EXP 	feedback_2: text = 'Correct! RT=0.929'
34.3401 	EXP 	feedback_2: autoDraw = True
35.3220 	EXP 	New trial (rep=0, index=1): OrderedDict([('text', 'blue'), ('letterColor', 'blue'), ('corrAns', 'right'), ('congruent', 'cong')])
35.3382 	EXP 	feedback_2: autoDraw = False
35.3382 	EXP 	word: color = 'blue (named)'
35.3382 	EXP 	word: text = 'blue'
35.8201 	EXP 	word: autoDraw = True
36.4611 	DATA 	Keypress: right
36.4753 	EXP 	word: autoDraw = False
36.4753 	EXP 	feedback_2: text = 'Correct! RT=0.626'
36.4753 	EXP 	feedback_2: autoDraw = True
37.4568 	EXP 	New trial (rep=0, index=2): OrderedDict([('text', 'green'), ('letterColor', 'green'), ('corrAns', 'down'), ('congruent', 'cong')])
37.4744 	EXP 	feedback_2: autoDraw = False
37.4744 	EXP 	word: color = 'green (named)'
37.4744 	EXP 	word: text = 'green'
37.9538 	EXP 	word: autoDraw = True
38.6621 	DATA 	Keypress: down
38.6760 	EXP 	word: autoDraw = False
38.6760 	EXP 	feedback_2: text = 'Correct! RT=0.693'
38.6760 	EXP 	feedback_2: autoDraw = True
39.6571 	EXP 	New trial (rep=0, index=3): OrderedDict([('text', 'red'), ('letterColor', 'green'), ('corrAns', 'down'), ('congruent', 'incong')])
39.6740 	EXP 	feedback_2: autoDraw = False
39.6740 	EXP 	word: color = 'green (named)'
39.6740 	EXP 	word: text = 'red'
40.1565 	EXP 	word: autoDraw = True
41.4010 	DATA 	Keypress: right
41.4227 	EXP 	word: autoDraw = False
41.4227 	EXP 	feedback_2: text = 'Oops! That was wrong'
41.4227 	EXP 	feedback_2: autoDraw = True
42.4059 	EXP 	New trial (rep=0, index=4): OrderedDict([('text', 'green'), ('letterColor', 'green'), ('corrAns', 'down'), ('congruent', 'cong')])
42.4229 	EXP 	feedback_2: autoDraw = False
42.4229 	EXP 	word: color = 'green (named)'
42.4229 	EXP 	word: text = 'green'
42.9039 	EXP 	word: autoDraw = True
43.6467 	DATA 	Keypress: down
43.6730 	EXP 	word: autoDraw = False
43.6730 	EXP 	feedback_2: text = 'Correct! RT=0.718'
43.6730 	EXP 	feedback_2: autoDraw = True
44.6402 	EXP 	New trial (rep=0, index=5): OrderedDict([('text', 'blue'), ('letterColor', 'green'), ('corrAns', 'down'), ('congruent', 'incong')])
44.6563 	EXP 	feedback_2: autoDraw = False
44.6563 	EXP 	word: color = 'green (named)'
44.6563 	EXP 	word: text = 'blue'
45.1387 	EXP 	word: autoDraw = True
46.0288 	DATA 	Keypress: down
46.0429 	EXP 	word: autoDraw = False
46.0429 	EXP 	feedback_2: text = 'Correct! RT=0.883'
46.0429 	EXP 	feedback_2: autoDraw = True
47.0388 	EXP 	New trial (rep=0, index=6): OrderedDict([('text', 'blue'), ('letterColor', 'red'), ('corrAns', 'left'), ('congruent', 'incong')])
47.0540 	EXP 	feedback_2: autoDraw = False
47.0540 	EXP 	word: color = 'red (named)'
47.0540 	EXP 	word: text = 'blue'
47.5380 	EXP 	word: autoDraw = True
49.0258 	DATA 	Keypress: left
49.0355 	EXP 	word: autoDraw = False
49.0355 	EXP 	feedback_2: text = 'Correct! RT=1.471'
49.0355 	EXP 	feedback_2: autoDraw = True
50.0224 	EXP 	New trial (rep=0, index=7): OrderedDict([('text', 'red'), ('letterColor', 'blue'), ('corrAns', 'right'), ('congruent', 'incong')])
50.0382 	EXP 	feedback_2: autoDraw = False
50.0382 	EXP 	word: color = 'blue (named)'
50.0382 	EXP 	word: text = 'red'
50.5204 	EXP 	word: autoDraw = True
51.1942 	DATA 	Keypress: right
51.2037 	EXP 	word: autoDraw = False
51.2037 	EXP 	feedback_2: text = 'Correct! RT=0.662'
51.2037 	EXP 	feedback_2: autoDraw = True
52.1892 	EXP 	New trial (rep=0, index=8): OrderedDict([('text', 'red'), ('letterColor', 'red'), ('corrAns', 'left'), ('congruent', 'cong')])
52.2038 	EXP 	feedback_2: autoDraw = False
52.2038 	EXP 	feedback_2: autoDraw = False
52.2038 	EXP 	word: color = 'red (named)'
52.2038 	EXP 	word: text = 'red'
52.6879 	EXP 	word: autoDraw = True
53.3758 	DATA 	Keypress: left
53.3864 	EXP 	word: autoDraw = False
53.3864 	EXP 	feedback_2: text = 'Correct! RT=0.680'
53.3864 	EXP 	feedback_2: autoDraw = True
54.3725 	EXP 	New trial (rep=0, index=9): OrderedDict([('text', 'red'), ('letterColor', 'red'), ('corrAns', 'left'), ('congruent', 'cong')])
54.3891 	EXP 	feedback_2: autoDraw = False
54.3891 	EXP 	feedback_2: autoDraw = False
54.3891 	EXP 	word: color = 'red (named)'
54.3891 	EXP 	word: text = 'red'
54.8713 	EXP 	word: autoDraw = True
55.4799 	DATA 	Keypress: left
55.5054 	EXP 	word: autoDraw = False
55.5054 	EXP 	feedback_2: text = 'Correct! RT=0.585'
55.5054 	EXP 	feedback_2: autoDraw = True
56.4901 	EXP 	New trial (rep=0, index=10): OrderedDict([('text', 'blue'), ('letterColor', 'blue'), ('corrAns', 'right'), ('congruent', 'cong')])
56.5062 	EXP 	feedback_2: autoDraw = False
56.5062 	EXP 	word: color = 'blue (named)'
56.5062 	EXP 	word: text = 'blue'
56.9868 	EXP 	word: autoDraw = True
57.7941 	DATA 	Keypress: right
57.8039 	EXP 	word: autoDraw = False
57.8039 	EXP 	feedback_2: text = 'Correct! RT=0.789'
57.8039 	EXP 	feedback_2: autoDraw = True
58.7891 	EXP 	New trial (rep=0, index=11): OrderedDict([('text', 'green'), ('letterColor', 'red'), ('corrAns', 'left'), ('congruent', 'incong')])
58.8044 	EXP 	feedback_2: autoDraw = False
58.8044 	EXP 	feedback_2: autoDraw = False
58.8044 	EXP 	word: color = 'red (named)'
58.8044 	EXP 	word: text = 'green'
59.2887 	EXP 	word: autoDraw = True
60.5456 	DATA 	Keypress: left
60.5597 	EXP 	word: autoDraw = False
60.5597 	EXP 	feedback_2: text = 'Correct! RT=1.234'
60.5597 	EXP 	feedback_2: autoDraw = True
61.6062 	EXP 	feedback_2: autoDraw = False
61.6062 	EXP 	instrText: autoDraw = True
68.2275 	EXP 	Imported trialTypes.xlsx as conditions, 12 conditions, 4 params
68.2278 	EXP 	Created sequence: random, trialTypes=12, nReps=5, seed=None
68.2282 	EXP 	New trial (rep=0, index=0): OrderedDict([('text', 'red'), ('letterColor', 'green'), ('corrAns', 'down'), ('congruent', 'incong')])
68.2321 	DATA 	Keypress: space
68.2569 	EXP 	instrText: autoDraw = False
68.2569 	EXP 	word: color = 'green (named)'
68.2569 	EXP 	word: text = 'red'
68.7358 	EXP 	word: autoDraw = True
70.1392 	EXP 	New trial (rep=0, index=1): OrderedDict([('text', 'blue'), ('letterColor', 'blue'), ('corrAns', 'right'), ('congruent', 'cong')])
70.1422 	DATA 	Keypress: down
70.1575 	EXP 	word: autoDraw = False
70.1575 	EXP 	word: color = 'blue (named)'
70.1575 	EXP 	word: text = 'blue'
70.6363 	EXP 	word: autoDraw = True
71.2212 	EXP 	New trial (rep=0, index=2): OrderedDict([('text', 'red'), ('letterColor', 'red'), ('corrAns', 'left'), ('congruent', 'cong')])
71.2250 	DATA 	Keypress: right
71.2373 	EXP 	word: autoDraw = False
71.2373 	EXP 	word: color = 'red (named)'
71.2373 	EXP 	word: text = 'red'
71.7190 	EXP 	word: autoDraw = True
72.2224 	EXP 	New trial (rep=0, index=3): OrderedDict([('text', 'blue'), ('letterColor', 'red'), ('corrAns', 'left'), ('congruent', 'incong')])
72.2267 	DATA 	Keypress: left
72.2370 	EXP 	word: autoDraw = False
72.2370 	EXP 	word: color = 'red (named)'
72.2370 	EXP 	word: text = 'blue'
72.7189 	EXP 	word: autoDraw = True
73.4724 	EXP 	New trial (rep=0, index=4): OrderedDict([('text', 'green'), ('letterColor', 'blue'), ('corrAns', 'right'), ('congruent', 'incong')])
73.4761 	DATA 	Keypress: left
73.4874 	EXP 	word: autoDraw = False
73.4874 	EXP 	word: color = 'blue (named)'
73.4874 	EXP 	word: text = 'green'
73.9695 	EXP 	word: autoDraw = True
75.1224 	EXP 	New trial (rep=0, index=5): OrderedDict([('text', 'green'), ('letterColor', 'green'), ('corrAns', 'down'), ('congruent', 'cong')])
75.1249 	DATA 	Keypress: right
75.1374 	EXP 	word: autoDraw = False
75.1374 	EXP 	word: color = 'green (named)'
75.1374 	EXP 	word: text = 'green'
75.6209 	EXP 	word: autoDraw = True
76.4396 	EXP 	New trial (rep=0, index=6): OrderedDict([('text', 'blue'), ('letterColor', 'green'), ('corrAns', 'down'), ('congruent', 'incong')])
76.4431 	DATA 	Keypress: down
76.4568 	EXP 	word: autoDraw = False
76.4568 	EXP 	word: color = 'green (named)'
76.4568 	EXP 	word: text = 'blue'
76.9388 	EXP 	word: autoDraw = True
77.7757 	DATA 	Keypress: down
77.7916 	EXP 	New trial (rep=0, index=7): OrderedDict([('text', 'blue'), ('letterColor', 'blue'), ('corrAns', 'right'), ('congruent', 'cong')])
77.8063 	EXP 	word: autoDraw = False
77.8063 	EXP 	word: color = 'blue (named)'
77.8063 	EXP 	word: text = 'blue'
78.2886 	EXP 	word: autoDraw = True
78.8397 	EXP 	New trial (rep=0, index=8): OrderedDict([('text', 'red'), ('letterColor', 'blue'), ('corrAns', 'right'), ('congruent', 'incong')])
78.8425 	DATA 	Keypress: right
78.8564 	EXP 	word: autoDraw = False
78.8564 	EXP 	word: color = 'blue (named)'
78.8564 	EXP 	word: text = 'red'
79.3388 	EXP 	word: autoDraw = True
80.0427 	EXP 	New trial (rep=0, index=9): OrderedDict([('text', 'green'), ('letterColor', 'green'), ('corrAns', 'down'), ('congruent', 'cong')])
80.0472 	DATA 	Keypress: right
80.0717 	EXP 	word: autoDraw = False
80.0717 	EXP 	word: color = 'green (named)'
80.0717 	EXP 	word: text = 'green'
80.5363 	EXP 	word: autoDraw = True
81.1208 	EXP 	New trial (rep=0, index=10): OrderedDict([('text', 'green'), ('letterColor', 'red'), ('corrAns', 'left'), ('congruent', 'incong')])
81.1232 	DATA 	Keypress: down
81.1374 	EXP 	word: autoDraw = False
81.1374 	EXP 	word: color = 'red (named)'
81.1374 	EXP 	word: text = 'green'
81.6207 	EXP 	word: autoDraw = True
82.2376 	EXP 	New trial (rep=0, index=11): OrderedDict([('text', 'red'), ('letterColor', 'red'), ('corrAns', 'left'), ('congruent', 'cong')])
82.2410 	DATA 	Keypress: left
82.2541 	EXP 	word: autoDraw = False
82.2541 	EXP 	word: color = 'red (named)'
82.2541 	EXP 	word: text = 'red'
82.7386 	EXP 	word: autoDraw = True
83.3411 	EXP 	New trial (rep=1, index=0): OrderedDict([('text', 'green'), ('letterColor', 'green'), ('corrAns', 'down'), ('congruent', 'cong')])
83.3455 	DATA 	Keypress: left
83.3592 	EXP 	word: autoDraw = False
83.3592 	EXP 	word: color = 'green (named)'
83.3592 	EXP 	word: text = 'green'
83.8362 	EXP 	word: autoDraw = True
86.2064 	EXP 	New trial (rep=1, index=1): OrderedDict([('text', 'red'), ('letterColor', 'red'), ('corrAns', 'left'), ('congruent', 'cong')])
86.2102 	DATA 	Keypress: down
86.2238 	EXP 	word: autoDraw = False
86.2238 	EXP 	word: color = 'red (named)'
86.2238 	EXP 	word: text = 'red'
86.7044 	EXP 	word: autoDraw = True
87.4732 	EXP 	New trial (rep=1, index=2): OrderedDict([('text', 'blue'), ('letterColor', 'red'), ('corrAns', 'left'), ('congruent', 'incong')])
87.4773 	DATA 	Keypress: left
87.4912 	EXP 	word: autoDraw = False
87.4912 	EXP 	word: color = 'red (named)'
87.4912 	EXP 	word: text = 'blue'
87.9721 	EXP 	word: autoDraw = True
88.6566 	EXP 	New trial (rep=1, index=3): OrderedDict([('text', 'red'), ('letterColor', 'green'), ('corrAns', 'down'), ('congruent', 'incong')])
88.6603 	DATA 	Keypress: left
88.6742 	EXP 	word: autoDraw = False
88.6742 	EXP 	word: color = 'green (named)'
88.6742 	EXP 	word: text = 'red'
89.1553 	EXP 	word: autoDraw = True
90.2566 	EXP 	New trial (rep=1, index=4): OrderedDict([('text', 'red'), ('letterColor', 'red'), ('corrAns', 'left'), ('congruent', 'cong')])
90.2584 	DATA 	Keypress: down
90.2720 	EXP 	word: autoDraw = False
90.2720 	EXP 	word: color = 'red (named)'
90.2720 	EXP 	word: text = 'red'
90.7539 	EXP 	word: autoDraw = True
91.3543 	EXP 	New trial (rep=1, index=5): OrderedDict([('text', 'blue'), ('letterColor', 'green'), ('corrAns', 'down'), ('congruent', 'incong')])
91.3578 	DATA 	Keypress: left
91.3709 	EXP 	word: autoDraw = False
91.3709 	EXP 	word: color = 'green (named)'
91.3709 	EXP 	word: text = 'blue'
91.8520 	EXP 	word: autoDraw = True
92.8541 	EXP 	New trial (rep=1, index=6): OrderedDict([('text', 'green'), ('letterColor', 'red'), ('corrAns', 'left'), ('congruent', 'incong')])
92.8574 	DATA 	Keypress: down
92.8695 	EXP 	word: autoDraw = False
92.8695 	EXP 	word: color = 'red (named)'
92.8695 	EXP 	word: text = 'green'
93.3528 	EXP 	word: autoDraw = True
93.9892 	EXP 	New trial (rep=1, index=7): OrderedDict([('text', 'green'), ('letterColor', 'green'), ('corrAns', 'down'), ('congruent', 'cong')])
93.9919 	DATA 	Keypress: left
94.0028 	EXP 	word: autoDraw = False
94.0028 	EXP 	word: color = 'green (named)'
94.0028 	EXP 	word: text = 'green'
94.4851 	EXP 	word: autoDraw = True
95.3893 	EXP 	New trial (rep=1, index=8): OrderedDict([('text', 'red'), ('letterColor', 'blue'), ('corrAns', 'right'), ('congruent', 'incong')])
95.3933 	DATA 	Keypress: down
95.4038 	EXP 	word: autoDraw = False
95.4038 	EXP 	word: color = 'blue (named)'
95.4038 	EXP 	word: text = 'red'
95.8864 	EXP 	word: autoDraw = True
96.5555 	EXP 	New trial (rep=1, index=9): OrderedDict([('text', 'green'), ('letterColor', 'blue'), ('corrAns', 'right'), ('congruent', 'incong')])
96.5586 	DATA 	Keypress: right
96.5898 	EXP 	word: autoDraw = False
96.5898 	EXP 	word: color = 'blue (named)'
96.5898 	EXP 	word: text = 'green'
97.0893 	EXP 	word: autoDraw = True
98.0541 	EXP 	New trial (rep=1, index=10): OrderedDict([('text', 'blue'), ('letterColor', 'blue'), ('corrAns', 'right'), ('congruent', 'cong')])
98.0574 	DATA 	Keypress: right
98.0689 	EXP 	word: autoDraw = False
98.0689 	EXP 	word: color = 'blue (named)'
98.0689 	EXP 	word: text = 'blue'
98.5524 	EXP 	word: autoDraw = True
99.0256 	EXP 	New trial (rep=1, index=11): OrderedDict([('text', 'blue'), ('letterColor', 'blue'), ('corrAns', 'right'), ('congruent', 'cong')])
99.0278 	DATA 	Keypress: right
99.0414 	EXP 	word: autoDraw = False
99.0414 	EXP 	word: color = 'blue (named)'
99.0414 	EXP 	word: text = 'blue'
99.5217 	EXP 	word: autoDraw = True
99.8896 	EXP 	New trial (rep=2, index=0): OrderedDict([('text', 'green'), ('letterColor', 'green'), ('corrAns', 'down'), ('congruent', 'cong')])
99.8937 	DATA 	Keypress: right
99.9073 	EXP 	word: autoDraw = False
99.9073 	EXP 	word: color = 'green (named)'
99.9073 	EXP 	word: text = 'green'
100.3852 	EXP 	word: autoDraw = True
101.8384 	EXP 	New trial (rep=2, index=1): OrderedDict([('text', 'green'), ('letterColor', 'blue'), ('corrAns', 'right'), ('congruent', 'incong')])
101.8406 	DATA 	Keypress: down
101.8533 	EXP 	word: autoDraw = False
101.8533 	EXP 	word: color = 'blue (named)'
101.8533 	EXP 	word: text = 'green'
102.3369 	EXP 	word: autoDraw = True
103.7383 	EXP 	New trial (rep=2, index=2): OrderedDict([('text', 'green'), ('letterColor', 'red'), ('corrAns', 'left'), ('congruent', 'incong')])
103.7406 	DATA 	Keypress: right
103.7541 	EXP 	word: autoDraw = False
103.7541 	EXP 	word: color = 'red (named)'
103.7541 	EXP 	word: text = 'green'
104.2365 	EXP 	word: autoDraw = True
104.8719 	EXP 	New trial (rep=2, index=3): OrderedDict([('text', 'green'), ('letterColor', 'green'), ('corrAns', 'down'), ('congruent', 'cong')])
104.8741 	DATA 	Keypress: left
104.8869 	EXP 	word: autoDraw = False
104.8869 	EXP 	word: color = 'green (named)'
104.8869 	EXP 	word: text = 'green'
105.3703 	EXP 	word: autoDraw = True
106.5221 	EXP 	New trial (rep=2, index=4): OrderedDict([('text', 'blue'), ('letterColor', 'blue'), ('corrAns', 'right'), ('congruent', 'cong')])
106.5261 	DATA 	Keypress: down
106.5364 	EXP 	word: autoDraw = False
106.5364 	EXP 	word: color = 'blue (named)'
106.5364 	EXP 	word: text = 'blue'
107.0207 	EXP 	word: autoDraw = True
107.5733 	DATA 	Keypress: right
107.5897 	EXP 	New trial (rep=2, index=5): OrderedDict([('text', 'red'), ('letterColor', 'green'), ('corrAns', 'down'), ('congruent', 'incong')])
107.6057 	EXP 	word: autoDraw = False
107.6057 	EXP 	word: color = 'green (named)'
107.6057 	EXP 	word: text = 'red'
108.0882 	EXP 	word: autoDraw = True
108.7075 	EXP 	New trial (rep=2, index=6): OrderedDict([('text', 'red'), ('letterColor', 'red'), ('corrAns', 'left'), ('congruent', 'cong')])
108.7101 	DATA 	Keypress: left
108.7239 	EXP 	word: autoDraw = False
108.7239 	EXP 	word: color = 'red (named)'
108.7239 	EXP 	word: text = 'red'
109.2048 	EXP 	word: autoDraw = True
110.6895 	EXP 	New trial (rep=2, index=7): OrderedDict([('text', 'blue'), ('letterColor', 'green'), ('corrAns', 'down'), ('congruent', 'incong')])
110.6932 	DATA 	Keypress: left
110.7070 	EXP 	word: autoDraw = False
110.7070 	EXP 	word: color = 'green (named)'
110.7070 	EXP 	word: text = 'blue'
111.1860 	EXP 	word: autoDraw = True
112.6712 	EXP 	New trial (rep=2, index=8): OrderedDict([('text', 'blue'), ('letterColor', 'blue'), ('corrAns', 'right'), ('congruent', 'cong')])
112.6734 	DATA 	Keypress: down
112.6870 	EXP 	word: autoDraw = False
112.6870 	EXP 	word: color = 'blue (named)'
112.6870 	EXP 	word: text = 'blue'
113.1703 	EXP 	word: autoDraw = True
113.8220 	EXP 	New trial (rep=2, index=9): OrderedDict([('text', 'red'), ('letterColor', 'red'), ('corrAns', 'left'), ('congruent', 'cong')])
113.8260 	DATA 	Keypress: right
113.8371 	EXP 	word: autoDraw = False
113.8371 	EXP 	word: color = 'red (named)'
113.8371 	EXP 	word: text = 'red'
114.3183 	EXP 	word: autoDraw = True
114.9078 	EXP 	New trial (rep=2, index=10): OrderedDict([('text', 'blue'), ('letterColor', 'red'), ('corrAns', 'left'), ('congruent', 'incong')])
114.9118 	DATA 	Keypress: left
114.9257 	EXP 	word: autoDraw = False
114.9257 	EXP 	word: color = 'red (named)'
114.9257 	EXP 	word: text = 'blue'
115.0377 	DATA 	Mouse: Left button down, pos=(570,648)
115.0382 	DATA 	Mouse:  Left button up, pos=(570,648)
115.4021 	EXP 	word: autoDraw = True
116.0703 	EXP 	New trial (rep=2, index=11): OrderedDict([('text', 'red'), ('letterColor', 'blue'), ('corrAns', 'right'), ('congruent', 'incong')])
116.0742 	DATA 	Keypress: left
116.0865 	EXP 	word: autoDraw = False
116.0865 	EXP 	word: color = 'blue (named)'
116.0865 	EXP 	word: text = 'red'
116.5714 	EXP 	word: autoDraw = True
117.1232 	EXP 	New trial (rep=3, index=0): OrderedDict([('text', 'green'), ('letterColor', 'red'), ('corrAns', 'left'), ('congruent', 'incong')])
117.1275 	DATA 	Keypress: right
117.1410 	EXP 	word: autoDraw = False
117.1410 	EXP 	word: color = 'red (named)'
117.1410 	EXP 	word: text = 'green'
117.6182 	EXP 	word: autoDraw = True
118.4724 	EXP 	New trial (rep=3, index=1): OrderedDict([('text', 'red'), ('letterColor', 'green'), ('corrAns', 'down'), ('congruent', 'incong')])
118.4762 	DATA 	Keypress: left
118.4900 	EXP 	word: autoDraw = False
118.4900 	EXP 	word: color = 'green (named)'
118.4900 	EXP 	word: text = 'red'
118.9710 	EXP 	word: autoDraw = True
119.7059 	EXP 	New trial (rep=3, index=2): OrderedDict([('text', 'green'), ('letterColor', 'blue'), ('corrAns', 'right'), ('congruent', 'incong')])
119.7097 	DATA 	Keypress: down
119.7235 	EXP 	word: autoDraw = False
119.7235 	EXP 	word: color = 'blue (named)'
119.7235 	EXP 	word: text = 'green'
120.2038 	EXP 	word: autoDraw = True
120.9544 	EXP 	New trial (rep=3, index=3): OrderedDict([('text', 'blue'), ('letterColor', 'blue'), ('corrAns', 'right'), ('congruent', 'cong')])
120.9583 	DATA 	Keypress: right
120.9701 	EXP 	word: autoDraw = False
120.9701 	EXP 	word: color = 'blue (named)'
120.9701 	EXP 	word: text = 'blue'
121.4530 	EXP 	word: autoDraw = True
122.2047 	EXP 	New trial (rep=3, index=4): OrderedDict([('text', 'red'), ('letterColor', 'blue'), ('corrAns', 'right'), ('congruent', 'incong')])
122.2085 	DATA 	Keypress: right
122.2185 	EXP 	word: autoDraw = False
122.2185 	EXP 	word: color = 'blue (named)'
122.2185 	EXP 	word: text = 'red'
122.7023 	EXP 	word: autoDraw = True
123.6548 	EXP 	New trial (rep=3, index=5): OrderedDict([('text', 'blue'), ('letterColor', 'green'), ('corrAns', 'down'), ('congruent', 'incong')])
123.6587 	DATA 	Keypress: right
123.6701 	EXP 	word: autoDraw = False
123.6701 	EXP 	word: color = 'green (named)'
123.6701 	EXP 	word: text = 'blue'
124.1514 	EXP 	word: autoDraw = True
124.8886 	EXP 	New trial (rep=3, index=6): OrderedDict([('text', 'green'), ('letterColor', 'green'), ('corrAns', 'down'), ('congruent', 'cong')])
124.8929 	DATA 	Keypress: left
124.9024 	EXP 	word: autoDraw = False
124.9024 	EXP 	word: color = 'green (named)'
124.9024 	EXP 	word: text = 'green'
125.3850 	EXP 	word: autoDraw = True
126.7042 	EXP 	New trial (rep=3, index=7): OrderedDict([('text', 'red'), ('letterColor', 'red'), ('corrAns', 'left'), ('congruent', 'cong')])
126.7073 	DATA 	Keypress: down
126.7196 	EXP 	word: autoDraw = False
126.7196 	EXP 	word: color = 'red (named)'
126.7196 	EXP 	word: text = 'red'
127.2027 	EXP 	word: autoDraw = True
127.7712 	EXP 	New trial (rep=3, index=8): OrderedDict([('text', 'blue'), ('letterColor', 'red'), ('corrAns', 'left'), ('congruent', 'incong')])
127.7753 	DATA 	Keypress: left
127.7867 	EXP 	word: autoDraw = False
127.7867 	EXP 	word: color = 'red (named)'
127.7867 	EXP 	word: text = 'blue'
128.2688 	EXP 	word: autoDraw = True
129.4703 	EXP 	New trial (rep=3, index=9): OrderedDict([('text', 'red'), ('letterColor', 'red'), ('corrAns', 'left'), ('congruent', 'cong')])
129.4737 	DATA 	Keypress: left
129.4856 	EXP 	word: autoDraw = False
129.4856 	EXP 	word: color = 'red (named)'
129.4856 	EXP 	word: text = 'red'
129.9680 	EXP 	word: autoDraw = True
130.5554 	EXP 	New trial (rep=3, index=10): OrderedDict([('text', 'blue'), ('letterColor', 'blue'), ('corrAns', 'right'), ('congruent', 'cong')])
130.5606 	DATA 	Keypress: left
130.5742 	EXP 	word: autoDraw = False
130.5742 	EXP 	word: color = 'blue (named)'
130.5742 	EXP 	word: text = 'blue'
131.0529 	EXP 	word: autoDraw = True
131.6685 	EXP 	New trial (rep=3, index=11): OrderedDict([('text', 'green'), ('letterColor', 'green'), ('corrAns', 'down'), ('congruent', 'cong')])
131.6715 	DATA 	Keypress: right
131.6844 	EXP 	word: autoDraw = False
131.6844 	EXP 	word: color = 'green (named)'
131.6844 	EXP 	word: text = 'green'
132.1703 	EXP 	word: autoDraw = True
132.8550 	EXP 	New trial (rep=4, index=0): OrderedDict([('text', 'blue'), ('letterColor', 'blue'), ('corrAns', 'right'), ('congruent', 'cong')])
132.8584 	DATA 	Keypress: down
132.8722 	EXP 	word: autoDraw = False
132.8722 	EXP 	word: color = 'blue (named)'
132.8722 	EXP 	word: text = 'blue'
133.3520 	EXP 	word: autoDraw = True
134.0537 	EXP 	New trial (rep=4, index=1): OrderedDict([('text', 'green'), ('letterColor', 'red'), ('corrAns', 'left'), ('congruent', 'incong')])
134.0577 	DATA 	Keypress: right
134.0672 	EXP 	word: autoDraw = False
134.0672 	EXP 	word: color = 'red (named)'
134.0672 	EXP 	word: text = 'green'
134.5513 	EXP 	word: autoDraw = True
135.1380 	EXP 	New trial (rep=4, index=2): OrderedDict([('text', 'blue'), ('letterColor', 'red'), ('corrAns', 'left'), ('congruent', 'incong')])
135.1410 	DATA 	Keypress: left
135.1560 	EXP 	word: autoDraw = False
135.1560 	EXP 	word: color = 'red (named)'
135.1560 	EXP 	word: text = 'blue'
135.6380 	EXP 	word: autoDraw = True
136.6220 	EXP 	New trial (rep=4, index=3): OrderedDict([('text', 'red'), ('letterColor', 'red'), ('corrAns', 'left'), ('congruent', 'cong')])
136.6259 	DATA 	Keypress: left
136.6398 	EXP 	word: autoDraw = False
136.6398 	EXP 	word: color = 'red (named)'
136.6398 	EXP 	word: text = 'red'
137.1187 	EXP 	word: autoDraw = True
138.3204 	EXP 	New trial (rep=4, index=4): OrderedDict([('text', 'blue'), ('letterColor', 'green'), ('corrAns', 'down'), ('congruent', 'incong')])
138.3241 	DATA 	Keypress: left
138.3343 	EXP 	word: autoDraw = False
138.3343 	EXP 	word: color = 'green (named)'
138.3343 	EXP 	word: text = 'blue'
138.8207 	EXP 	word: autoDraw = True
139.5068 	EXP 	New trial (rep=4, index=5): OrderedDict([('text', 'red'), ('letterColor', 'red'), ('corrAns', 'left'), ('congruent', 'cong')])
139.5095 	DATA 	Keypress: down
139.5234 	EXP 	word: autoDraw = False
139.5234 	EXP 	word: color = 'red (named)'
139.5234 	EXP 	word: text = 'red'
140.0026 	EXP 	word: autoDraw = True
140.9541 	EXP 	New trial (rep=4, index=6): OrderedDict([('text', 'green'), ('letterColor', 'green'), ('corrAns', 'down'), ('congruent', 'cong')])
140.9580 	DATA 	Keypress: left
140.9687 	EXP 	word: autoDraw = False
140.9687 	EXP 	word: color = 'green (named)'
140.9687 	EXP 	word: text = 'green'
141.4524 	EXP 	word: autoDraw = True
142.2051 	EXP 	New trial (rep=4, index=7): OrderedDict([('text', 'red'), ('letterColor', 'blue'), ('corrAns', 'right'), ('congruent', 'incong')])
142.2094 	DATA 	Keypress: down
142.2189 	EXP 	word: autoDraw = False
142.2189 	EXP 	word: color = 'blue (named)'
142.2189 	EXP 	word: text = 'red'
142.7010 	EXP 	word: autoDraw = True
143.3047 	EXP 	New trial (rep=4, index=8): OrderedDict([('text', 'blue'), ('letterColor', 'blue'), ('corrAns', 'right'), ('congruent', 'cong')])
143.3083 	DATA 	Keypress: right
143.3220 	EXP 	word: autoDraw = False
143.3220 	EXP 	word: color = 'blue (named)'
143.3220 	EXP 	word: text = 'blue'
143.8046 	EXP 	word: autoDraw = True
145.7882 	EXP 	New trial (rep=4, index=9): OrderedDict([('text', 'green'), ('letterColor', 'blue'), ('corrAns', 'right'), ('congruent', 'incong')])
145.7924 	DATA 	Keypress: down
145.8061 	EXP 	word: autoDraw = False
145.8061 	EXP 	word: color = 'blue (named)'
145.8061 	EXP 	word: text = 'green'
146.2843 	EXP 	word: autoDraw = True
147.0209 	EXP 	New trial (rep=4, index=10): OrderedDict([('text', 'green'), ('letterColor', 'green'), ('corrAns', 'down'), ('congruent', 'cong')])
147.0230 	DATA 	Keypress: right
147.0358 	EXP 	word: autoDraw = False
147.0358 	EXP 	word: color = 'green (named)'
147.0358 	EXP 	word: text = 'green'
147.5195 	EXP 	word: autoDraw = True
148.0548 	EXP 	New trial (rep=4, index=11): OrderedDict([('text', 'red'), ('letterColor', 'green'), ('corrAns', 'down'), ('congruent', 'incong')])
148.0586 	DATA 	Keypress: down
148.0681 	EXP 	word: autoDraw = False
148.0681 	EXP 	word: color = 'green (named)'
148.0681 	EXP 	word: text = 'red'
148.5517 	EXP 	word: autoDraw = True
149.4889 	DATA 	Keypress: down
149.5100 	EXP 	word: autoDraw = False
149.5100 	EXP 	thanksText: autoDraw = True
151.2096 	DATA 	Keypress: space
151.4871 	EXP 	thanksText: autoDraw = False
151.7807 	EXP 	window1: mouseVisible = True
