5.3594	EXP	Set  color=white colorSpace=named
5.3594	EXP	Set  color=white colorSpace=named
5.3594	EXP	Set  color=[ 1.     0.365 -1.   ] colorSpace=rgb
5.3594	EXP	Set  color=[-0.271 -0.271 -0.271] colorSpace=rgb
5.3594	EXP	Set  color=[-0.271 -0.271 -0.271] colorSpace=rgb
5.3594	EXP	Set  color=white colorSpace=named
5.3594	EXP	Set  color=black colorSpace=named
5.3594	EXP	Set  color=white colorSpace=named
5.3594	EXP	Set  color=white colorSpace=named
6.6731	DATA	Keypress: space
6.6762	EXP	New trial (rep=0, index=0): {u'SOA': 0.050000000000000003, u'TargetX': 400, u'corrAns': None, u'Validity': u'Notarg', u'CueX': 10}
6.6926	EXP	Set  pos=[ 10.   0.]
6.6926	EXP	Set  pos=[ 400.    0.]
7.2767	DATA	Keypress: space
10.8945	DATA	Keypress: space
10.9095	EXP	New trial (rep=0, index=1): {u'SOA': 0.10000000000000001, u'TargetX': -10, u'corrAns': u'space', u'Validity': u'Invalid', u'CueX': 10}
10.9254	EXP	Set  pos=[ 10.   0.]
10.9254	EXP	Set  pos=[-10.   0.]
15.2439	DATA	Keypress: space
15.2586	EXP	New trial (rep=0, index=2): {u'SOA': 0.050000000000000003, u'TargetX': 10, u'corrAns': u'space', u'Validity': u'Valid', u'CueX': 10}
15.2749	EXP	Set  pos=[ 10.   0.]
15.2749	EXP	Set  pos=[ 10.   0.]
15.9090	DATA	Keypress: escape
4.3172	EXP	Set  color=white colorSpace=named
4.3172	EXP	Set  color=white colorSpace=named
4.3172	EXP	Set  color=[ 1.     0.365 -1.   ] colorSpace=rgb
4.3172	EXP	Set  color=[-0.271 -0.271 -0.271] colorSpace=rgb
4.3172	EXP	Set  color=[-0.271 -0.271 -0.271] colorSpace=rgb
4.3172	EXP	Set  color=white colorSpace=named
4.3172	EXP	Set  color=black colorSpace=named
4.3172	EXP	Set  color=white colorSpace=named
4.3172	EXP	Set  color=white colorSpace=named
4.8513	DATA	Keypress: space
4.8674	EXP	New trial (rep=0, index=0): {u'SOA': 0.10000000000000001, u'TargetX': 400, u'corrAns': None, u'Validity': u'Notarg', u'CueX': 10}
4.8838	EXP	Set  pos=[ 10.   0.]
4.8838	EXP	Set  pos=[ 400.    0.]
5.6512	DATA	Keypress: space
8.3692	DATA	Keypress: space
8.3842	EXP	New trial (rep=0, index=1): {u'SOA': 0.29999999999999999, u'TargetX': 400, u'corrAns': None, u'Validity': u'Notarg', u'CueX': 10}
8.4000	EXP	Set  pos=[ 10.   0.]
8.4000	EXP	Set  pos=[ 400.    0.]
9.2510	DATA	Keypress: space
12.9999	DATA	Keypress: space
15.4996	DATA	Keypress: escape
